\BOOKMARK [1][-]{section.1}{\376\377\000I\000n\000t\000r\000o\000d\000u\000\347\000\343\000o}{}% 1
\BOOKMARK [1][-]{section.2}{\376\377\000O\000b\000j\000e\000t\000i\000v\000o\000s}{}% 2
\BOOKMARK [1][-]{section.3}{\376\377\000M\000a\000t\000e\000r\000i\000a\000i\000s\000\040\000e\000\040\000M\000\351\000t\000o\000d\000o\000s}{}% 3
\BOOKMARK [2][-]{subsection.3.1}{\376\377\000C\000o\000r\000r\000e\000l\000a\000\347\000\343\000o\000\040\000c\000o\000m\000\040\000o\000s\000\040\000m\000\372\000c\000u\000l\000o\000s\000\040\000d\000a\000\040\000F\000a\000c\000e}{section.3}% 4
\BOOKMARK [2][-]{subsection.3.2}{\376\377\000E\000x\000p\000e\000r\000i\000m\000e\000n\000t\000o\000s}{section.3}% 5
\BOOKMARK [3][-]{subsubsection.3.2.1}{\376\377\000E\000x\000p\000e\000r\000i\000m\000e\000n\000t\000o\000\040\0001\000\040\000-\000\040\000A\000n\000a\000l\000i\000s\000e\000\040\000d\000o\000s\000\040\000r\000o\000s\000t\000o\000s\000\040\000e\000\040\000c\000o\000l\000e\000t\000a\000\040\000d\000o\000s\000\040\000d\000a\000d\000o\000s\000\040\000d\000e\000\040\000L\000a\000n\000d\000M\000a\000r\000k\000s}{subsection.3.2}% 6
\BOOKMARK [4][-]{paragraph.3.2.1.1}{\376\377\000D\000e\000s\000c\000r\000i\000\347\000\343\000o\000\040\000d\000o\000s\000\040\000A\000r\000q\000u\000i\000v\000o\000s}{subsubsection.3.2.1}% 7
\BOOKMARK [4][-]{paragraph.3.2.1.2}{\376\377\000P\000r\000o\000c\000e\000d\000i\000m\000e\000n\000t\000o\000s}{subsubsection.3.2.1}% 8
\BOOKMARK [4][-]{paragraph.3.2.1.3}{\376\377\000R\000e\000m\000o\000\347\000\365\000e\000s\000\040\000d\000o\000\040\000D\000a\000t\000a\000s\000e\000t\000\040\000N\000e\000s\000t\000e\000\040\000E\000x\000p\000e\000r\000i\000m\000e\000n\000t\000o}{subsubsection.3.2.1}% 9
\BOOKMARK [4][-]{paragraph.3.2.1.4}{\376\377\000E\000x\000e\000m\000p\000l\000o\000\040\000d\000e\000\040\000M\000\341\000s\000c\000a\000r\000a\000\040\000g\000e\000r\000a\000d\000a\000\040\000c\000o\000m\000\040\000o\000s\000\040\000L\000a\000n\000d\000m\000a\000r\000k\000s\000\040\000o\000b\000t\000i\000d\000o\000s}{subsubsection.3.2.1}% 10
\BOOKMARK [4][-]{paragraph.3.2.1.5}{\376\377\000V\000\355\000d\000e\000o\000\040\000d\000a\000s\000\040\000F\000a\000c\000e\000s\000\040\000e\000\040\000M\000\341\000s\000c\000a\000r\000a\000s}{subsubsection.3.2.1}% 11
\BOOKMARK [3][-]{subsubsection.3.2.2}{\376\377\000E\000x\000p\000e\000r\000i\000m\000e\000n\000t\000o\000\040\0002\000\040\000-\000\040\000P\000r\000o\000c\000e\000s\000s\000a\000m\000e\000n\000t\000o\000s\000\040\000d\000o\000s\000\040\000D\000a\000d\000o\000s\000\040\000O\000b\000t\000i\000d\000o\000s\000\040\000n\000o\000\040\000E\000x\000p\000e\000r\000i\000m\000e\000n\000t\000o\000\040\0001}{subsection.3.2}% 12
\BOOKMARK [4][-]{paragraph.3.2.2.1}{\376\377\000P\000r\000i\000m\000e\000i\000r\000a\000\040\000A\000b\000o\000r\000d\000a\000g\000e\000m\000\040\000-\000\040\000T\000o\000d\000o\000s\000\040\000o\000s\000\040\000P\000o\000n\000t\000o\000s\000\040\000\050\000F\000o\000i\000\040\000a\000b\000a\000n\000d\000o\000n\000a\000d\000a\000\051}{subsubsection.3.2.2}% 13
\BOOKMARK [4][-]{paragraph.3.2.2.2}{\376\377\000S\000e\000g\000u\000n\000d\000a\000\040\000a\000b\000o\000r\000d\000a\000g\000e\000m\000\040\000-\000\040\000P\000o\000n\000t\000o\000s\000\040\000c\000o\000m\000\040\000a\000l\000t\000a\000\040\000v\000a\000r\000i\000a\000\347\000\343\000o\000\040\000e\000m\000\040\000r\000e\000l\000a\000\347\000\343\000o\000\040\000\340\000\040\000f\000a\000c\000e\000\040\000n\000e\000u\000t\000r\000a}{subsubsection.3.2.2}% 14
\BOOKMARK [4][-]{paragraph.3.2.2.3}{\376\377\000R\000e\000m\000o\000\347\000\365\000e\000s\000\040\000d\000o\000\040\000d\000a\000t\000a\000s\000e\000t}{subsubsection.3.2.2}% 15
\BOOKMARK [3][-]{subsubsection.3.2.3}{\376\377\000E\000x\000p\000e\000r\000i\000m\000e\000n\000t\000o\000\040\0003\000\040\000-\000\040\000V\000i\000s\000u\000a\000l\000i\000s\000a\000\347\000\343\000o\000\040\000d\000o\000s\000\040\000D\000a\000d\000o\000s}{subsection.3.2}% 16
\BOOKMARK [4][-]{paragraph.3.2.3.1}{\376\377\000G\000r\000\341\000f\000c\000o\000s\000\040\000d\000e\000\040\000P\000s\000e\000u\000d\000o\000C\000l\000u\000s\000t\000e\000r\000i\000n\000g}{subsubsection.3.2.3}% 17
\BOOKMARK [4][-]{paragraph.3.2.3.2}{\376\377\000A\000n\000a\000l\000i\000s\000e\000\040\000d\000a\000\040\000d\000i\000s\000t\000r\000i\000b\000u\000i\000\347\000\343\000o\000\040\000d\000a\000s\000\040\000d\000i\000s\000t\000a\000n\000c\000i\000a\000s\000\040\000d\000a\000\040\000s\000e\000g\000u\000n\000d\000a\000\040\000a\000b\000o\000r\000d\000a\000g\000e\000m\000\040\000d\000o\000\040\000e\000x\000p\000e\000r\000i\000m\000e\000n\000t\000o\000\040\0002}{subsubsection.3.2.3}% 18
\BOOKMARK [4][-]{paragraph.3.2.3.3}{\376\377\000C\000l\000u\000s\000t\000e\000r\000\040\000c\000o\000m\000\040\000K\000m\000e\000a\000n\000s\000\040\000d\000o\000s\000\040\000P\000o\000n\000t\000o\000s\000\040\000a\000c\000i\000m\000a\000\040\000d\000a\000\040\000M\000\351\000d\000i\000a\000\040\000\050\000P\000A\000V\000\051}{subsubsection.3.2.3}% 19
\BOOKMARK [4][-]{paragraph.3.2.3.4}{\376\377\000R\000e\000m\000o\000\347\000\365\000e\000s\000\040\000d\000o\000\040\000D\000a\000t\000a\000s\000e\000t}{subsubsection.3.2.3}% 20
\BOOKMARK [3][-]{subsubsection.3.2.4}{\376\377\000E\000x\000p\000e\000r\000i\000m\000e\000n\000t\000o\000\040\0004\000\040\000-\000\040\000C\000\341\000l\000c\000u\000l\000o\000\040\000d\000e\000\040\000C\000o\000r\000r\000e\000l\000a\000\347\000\365\000e\000s}{subsection.3.2}% 21
\BOOKMARK [3][-]{subsubsection.3.2.5}{\376\377\000E\000x\000p\000e\000r\000i\000m\000e\000n\000t\000o\000\040\0005\000\040\000-\000\040\000T\000e\000s\000t\000e\000s\000\040\000d\000e\000\040\000H\000i\000p\000\363\000t\000e\000s\000e\000s}{subsection.3.2}% 22
\BOOKMARK [4][-]{paragraph.3.2.5.1}{\376\377\000p\000e\000s\000s\000o\000a\000\040\000c\000o\000m\000\040\000s\000c\000o\000r\000e\000\040\000m\000a\000i\000s\000\040\000a\000l\000t\000o\000\040\000e\000m\000\040\000d\000e\000p\000r\000e\000s\000s\000\343\000o\000\040\000t\000e\000n\000d\000e\000\040\000a\000\040\000t\000e\000r\000\040\000u\000m\000a\000\040\000m\000e\000d\000i\000a\000\040\000m\000a\000i\000o\000r\000\040\000d\000a\000s\000\040\000d\000i\000s\000t\000a\000n\000c\000i\000a\000s\000\040\000d\000a\000\040\000f\000a\000c\000e\000\040\000n\000e\000u\000t\000r\000a\000\040\000p\000r\000a\000\040\000n\000e\000u\000t\000r\000a\000\040\000m\000e\000d\000i\000a\000\040\000d\000o\000s\000\040\000p\000a\000r\000t\000i\000c\000i\000p\000a\000n\000t\000e\000s}{subsubsection.3.2.5}% 23
\BOOKMARK [1][-]{section.4}{\376\377\000R\000e\000s\000u\000l\000t\000a\000d\000o\000s\000\040\000e\000\040\000D\000i\000s\000c\000u\000s\000s\000\343\000o}{}% 24
\BOOKMARK [1][-]{section.5}{\376\377\000C\000o\000n\000c\000l\000u\000s\000\365\000e\000s}{}% 25
